<?xml version="1.0" encoding="UTF-8"?>
<testng-results ignored="0" total="1" passed="1" failed="0" skipped="0">
  <reporter-output>
  </reporter-output>
  <suite started-at="2024-09-27T16:31:28 IST" name="Default suite" finished-at="2024-09-27T16:31:49 IST" duration-ms="20623">
    <groups>
      <group name="cucumber">
        <method signature="AbstractTestNGCucumberTests.runScenario(io.cucumber.testng.PickleWrapper,io.cucumber.testng.FeatureWrapper)[pri:0, instance:com.bdd.automation.runner.TestRunner@67b9b51a]" name="runScenario" class="io.cucumber.testng.AbstractTestNGCucumberTests"/>
      </group> <!-- cucumber -->
    </groups>
    <test started-at="2024-09-27T16:31:28 IST" name="Default test" finished-at="2024-09-27T16:31:49 IST" duration-ms="20623">
      <class name="com.bdd.automation.runner.TestRunner">
        <test-method is-config="true" signature="setUpClass(org.testng.ITestContext)[pri:0, instance:com.bdd.automation.runner.TestRunner@67b9b51a]" started-at="2024-09-27T16:31:28 IST" name="setUpClass" finished-at="2024-09-27T16:31:28 IST" duration-ms="163" status="PASS">
          <params>
            <param index="0">
              <value>
                <![CDATA[org.testng.TestRunner@1e2b37cd]]>
              </value>
            </param>
          </params>
          <reporter-output>
          </reporter-output>
        </test-method> <!-- setUpClass -->
        <test-method signature="runScenario(io.cucumber.testng.PickleWrapper,io.cucumber.testng.FeatureWrapper)[pri:0, instance:com.bdd.automation.runner.TestRunner@67b9b51a]" started-at="2024-09-27T16:31:28 IST" name="runScenario" description="Runs Cucumber Scenarios" data-provider="scenarios" finished-at="2024-09-27T16:31:49 IST" duration-ms="20280" status="PASS">
          <params>
            <param index="0">
              <value>
                <![CDATA["demo1"]]>
              </value>
            </param>
            <param index="1">
              <value>
                <![CDATA["Optional[DEMO FEATURE]"]]>
              </value>
            </param>
          </params>
          <reporter-output>
          </reporter-output>
        </test-method> <!-- runScenario -->
        <test-method is-config="true" signature="tearDownClass()[pri:0, instance:com.bdd.automation.runner.TestRunner@67b9b51a]" started-at="2024-09-27T16:31:49 IST" name="tearDownClass" finished-at="2024-09-27T16:31:49 IST" duration-ms="160" status="PASS">
          <reporter-output>
          </reporter-output>
        </test-method> <!-- tearDownClass -->
      </class> <!-- com.bdd.automation.runner.TestRunner -->
    </test> <!-- Default test -->
  </suite> <!-- Default suite -->
</testng-results>
